<?xml version="1.0" encoding="UTF-8"?>
<testsuite xmlns:xsi="http://www.w3.org/2001/XMLSchema-instance" xsi:noNamespaceSchemaLocation="https://maven.apache.org/surefire/maven-surefire-plugin/xsd/surefire-test-report.xsd" version="3.0.2" name="com.perfulandia.carrito.CarritoApplicationTests" time="7.02" tests="1" errors="0" skipped="0" failures="0">
  <properties>
[...]
</properties>
  <testcase name="contextLoads" classname="com.perfulandia.carrito.CarritoApplicationTests" time="0.398">
    <system-out><![CDATA[04:27:54.397 [main] INFO org.springframework.test.context.support.AnnotationConfigContextLoaderUtils -- Could not detect default configuration classes for test class [com.perfulandia.carrito.CarritoApplicationTests]: CarritoApplicationTests does not declare any static, non-private, non-final, nested classes annotated with @Configuration.
04:27:54.560 [main] INFO org.springframework.boot.test.context.SpringBootTestContextBootstrapper -- Found @SpringBootConfiguration com.perfulandia.carrito.CarritoApplication for test class com.perfulandia.carrito.CarritoApplicationTests

  .   ____          _            __ _ _
 /\\ / ___'_ __ _ _(_)_ __  __ _ \ \ \ \
( ( )\___ | '_ | '_| | '_ \/ _` | \ \ \ \
 \\/  ___)| |_)| | | | | || (_| |  ) ) ) )
  '  |____| .__|_| |_|_| |_\__, | / / / /
 =========|_|==============|___/=/_/_/_/

 :: Spring Boot ::               (v3.4.13)

2026-07-09T04:27:55.268-04:00  INFO 9140 --- [microservicio-carrito] [           main] c.p.carrito.CarritoApplicationTests      : Starting CarritoApplicationTests using Java 21.0.9 with PID 9140 (started by fena in C:\Users\fena\Desktop\perfulandia\Perfulandia-SPA-FULLSTACK1\microservicio-carrito)
2026-07-09T04:27:55.269-04:00  INFO 9140 --- [microservicio-carrito] [           main] c.p.carrito.CarritoApplicationTests      : No active profile set, falling back to 1 default profile: "default"
2026-07-09T04:27:56.240-04:00  INFO 9140 --- [microservicio-carrito] [           main] .s.d.r.c.RepositoryConfigurationDelegate : Bootstrapping Spring Data JPA repositories in DEFAULT mode.
2026-07-09T04:27:56.334-04:00  INFO 9140 --- [microservicio-carrito] [           main] .s.d.r.c.RepositoryConfigurationDelegate : Finished Spring Data repository scanning in 82 ms. Found 3 JPA repository interfaces.
2026-07-09T04:27:56.821-04:00  INFO 9140 --- [microservicio-carrito] [           main] o.hibernate.jpa.internal.util.LogHelper  : HHH000204: Processing PersistenceUnitInfo [name: default]
2026-07-09T04:27:56.896-04:00  INFO 9140 --- [microservicio-carrito] [           main] org.hibernate.Version                    : HHH000412: Hibernate ORM core version 6.6.39.Final
2026-07-09T04:27:56.945-04:00  INFO 9140 --- [microservicio-carrito] [           main] o.h.c.internal.RegionFactoryInitiator    : HHH000026: Second-level cache disabled
2026-07-09T04:27:57.345-04:00  INFO 9140 --- [microservicio-carrito] [           main] o.s.o.j.p.SpringPersistenceUnitInfo      : No LoadTimeWeaver setup: ignoring JPA class transformer
2026-07-09T04:27:57.391-04:00  INFO 9140 --- [microservicio-carrito] [           main] com.zaxxer.hikari.HikariDataSource       : HikariPool-1 - Starting...
2026-07-09T04:27:57.625-04:00  INFO 9140 --- [microservicio-carrito] [           main] com.zaxxer.hikari.pool.HikariPool        : HikariPool-1 - Added connection com.mysql.cj.jdbc.ConnectionImpl@4efca68
2026-07-09T04:27:57.627-04:00  INFO 9140 --- [microservicio-carrito] [           main] com.zaxxer.hikari.HikariDataSource       : HikariPool-1 - Start completed.
2026-07-09T04:27:57.686-04:00  WARN 9140 --- [microservicio-carrito] [           main] org.hibernate.dialect.Dialect            : HHH000511: The 5.5.5 version for [org.hibernate.dialect.MySQLDialect] is no longer supported, hence certain features may not work properly. The minimum supported version is 8.0.0. Check the community dialects project for available legacy versions.
2026-07-09T04:27:57.691-04:00  WARN 9140 --- [microservicio-carrito] [           main] org.hibernate.orm.deprecation            : HHH90000025: MySQLDialect does not need to be specified explicitly using 'hibernate.dialect' (remove the property setting and it will be selected by default)
2026-07-09T04:27:57.713-04:00  INFO 9140 --- [microservicio-carrito] [           main] org.hibernate.orm.connections.pooling    : HHH10001005: Database info:
	Database JDBC URL [Connecting through datasource 'HikariDataSource (HikariPool-1)']
	Database driver: undefined/unknown
	Database version: 5.5.5
	Autocommit mode: undefined/unknown
	Isolation level: undefined/unknown
	Minimum pool size: undefined/unknown
	Maximum pool size: undefined/unknown
2026-07-09T04:27:59.095-04:00  INFO 9140 --- [microservicio-carrito] [           main] o.h.e.t.j.p.i.JtaPlatformInitiator       : HHH000489: No JTA platform available (set 'hibernate.transaction.jta.platform' to enable JTA platform integration)
2026-07-09T04:27:59.253-04:00  INFO 9140 --- [microservicio-carrito] [           main] j.LocalContainerEntityManagerFactoryBean : Initialized JPA EntityManagerFactory for persistence unit 'default'
2026-07-09T04:28:00.177-04:00  WARN 9140 --- [microservicio-carrito] [           main] JpaBaseConfiguration$JpaWebConfiguration : spring.jpa.open-in-view is enabled by default. Therefore, database queries may be performed during view rendering. Explicitly configure spring.jpa.open-in-view to disable this warning
2026-07-09T04:28:00.768-04:00  INFO 9140 --- [microservicio-carrito] [           main] c.p.carrito.CarritoApplicationTests      : Started CarritoApplicationTests in 5.976 seconds (process running for 7.79)
]]></system-out>
    <system-err><![CDATA[Mockito is currently self-attaching to enable the inline-mock-maker. This will no longer work in future releases of the JDK. Please add Mockito as an agent to your build what is described in Mockito's documentation: https://javadoc.io/doc/org.mockito/mockito-core/latest/org/mockito/Mockito.html#0.3
WARNING: A Java agent has been loaded dynamically (C:\Users\fena\.m2\repository\net\bytebuddy\byte-buddy-agent\1.15.11\byte-buddy-agent-1.15.11.jar)
WARNING: If a serviceability tool is in use, please run with -XX:+EnableDynamicAgentLoading to hide this warning
WARNING: If a serviceability tool is not in use, please run with -Djdk.instrument.traceUsage for more information
WARNING: Dynamic loading of agents will be disallowed by default in a future release
]]></system-err>
  </testcase>
</testsuite>