GROUP,PACKAGE,CLASS,INSTRUCTION_MISSED,INSTRUCTION_COVERED,BRANCH_MISSED,BRANCH_COVERED,LINE_MISSED,LINE_COVERED,COMPLEXITY_MISSED,COMPLEXITY_COVERED,METHOD_MISSED,METHOD_COVERED
microservicio-envios,com.perfulandia.envios.controllers,EnvioController,0,60,0,0,0,13,0,7,0,7
microservicio-envios,com.perfulandia.envios.services,EnvioService,0,80,0,0,0,16,0,9,0,9
microservicio-envios,com.perfulandia.envios.exceptions,GlobalExceptionHandler,0,39,0,0,0,9,0,4,0,4
microservicio-envios,com.perfulandia.envios,EnviosApplication,5,3,0,0,2,1,1,1,1,1
